<?xml version="1.0" encoding="UTF-8"?>
<!-- Generated by org.testng.reporters.JUnitReportReporter -->
<testsuite hostname="DESKTOP-QQEA96G" failures="0" tests="8" name="com.sgtesting.tests.Assign8ImportTask" time="22.047" errors="0" timestamp="2022-07-23T19:40:39 IST" skipped="0">
  <testcase classname="com.sgtesting.tests.Assign8ImportTask" name="LaunchBrowser" time="4.021"/>
  <system-out/>
  <testcase classname="com.sgtesting.tests.Assign8ImportTask" name="Navigate" time="1.095"/>
  <system-out/>
  <testcase classname="com.sgtesting.tests.Assign8ImportTask" name="Login" time="2.221"/>
  <system-out/>
  <testcase classname="com.sgtesting.tests.Assign8ImportTask" name="MinimizFlyoutWindow" time="2.082"/>
  <system-out/>
  <testcase classname="com.sgtesting.tests.Assign8ImportTask" name="ImportTask" time="10.745"/>
  <system-out/>
  <testcase classname="com.sgtesting.tests.Assign8ImportTask" name="DeleteTask" time="0.032"/>
  <system-out/>
  <testcase classname="com.sgtesting.tests.Assign8ImportTask" name="Logout" time="1.125"/>
  <system-out/>
  <testcase classname="com.sgtesting.tests.Assign8ImportTask" name="CloseApplication" time="0.726"/>
  <system-out/>
</testsuite> <!-- com.sgtesting.tests.Assign8ImportTask -->
